1780302474: /<module>/main/parse_config: Reloading proxy
1780302474: /main/parse_config/reload_proxy: Proxy mode = MODE_AUTO
1780302474: /main/parse_config/__init__: Host: x86_64-w64-mingw32 Python: v3.13.12
1780302474: /main/parse_config/__init__: libcurl/8.18.0 Schannel zlib/1.3.2 zstd/1.5.7 nghttp2/1.68.0
1780302474: /main/parse_config/__init__: Features: Kerberos NTLM SPNEGO SSL SSPI 
Serving at 127.0.0.1:3129 proc MainProcess
1780302474: /<module>/main/run_pool: Px v0.11.0
1780302474: /<module>/main/run_pool: proxy:server = 
1780302474: /<module>/main/run_pool: proxy:pac = 
1780302474: /<module>/main/run_pool: proxy:listen = 127.0.0.1
1780302474: /<module>/main/run_pool: proxy:port = 3129
1780302474: /<module>/main/run_pool: proxy:gateway = 0
1780302474: /<module>/main/run_pool: proxy:hostonly = 0
1780302474: /<module>/main/run_pool: proxy:allow = *.*.*.*
1780302474: /<module>/main/run_pool: proxy:noproxy = 
1780302474: /<module>/main/run_pool: proxy:useragent = 
1780302474: /<module>/main/run_pool: proxy:username = 
1780302474: /<module>/main/run_pool: proxy:auth = 
1780302474: /<module>/main/run_pool: proxy:kerberos = 0
1780302474: /<module>/main/run_pool: proxy:pac_encoding = utf-8
1780302474: /<module>/main/run_pool: client:client_username = 
1780302474: /<module>/main/run_pool: client:client_auth = NONE
1780302474: /<module>/main/run_pool: client:client_nosspi = 0
1780302474: /<module>/main/run_pool: settings:workers = 1
1780302474: /<module>/main/run_pool: settings:threads = 32
1780302474: /<module>/main/run_pool: settings:idle = 30
1780302474: /<module>/main/run_pool: settings:socktimeout = 20.0
1780302474: /<module>/main/run_pool: settings:proxyreload = 60
1780302474: /<module>/main/run_pool: settings:foreground = 0
1780302474: /<module>/main/run_pool: settings:log = 2
